<?xml version="1.0" encoding="UTF-8"?>
<!-- Generated by org.testng.reporters.JUnitXMLReporter -->
<testsuite hostname="DESKTOP-ISRA4DV" ignored="0" name="Test" tests="2" failures="1" timestamp="25 Jan 2019 10:05:39 GMT" time="0.127" errors="0">
  <testcase name="run" time="0.043" classname="testng.Demo1">
    <failure type="java.lang.AssertionError" message="expected [false] but found [true]">
      <![CDATA[java.lang.AssertionError: expected [false] but found [true]
at testng.Demo1.run(Demo1.java:15)
... Removed 29 stack frames]]>
    </failure>
  </testcase> <!-- run -->
  <testcase name="run" time="0.008" classname="testng.Demo2"/>
</testsuite> <!-- Test -->
