<?xml version="1.0" encoding="UTF-8"?>
<!-- Generated by org.testng.reporters.JUnitXMLReporter -->
<testsuite hostname="DESKTOP-ISRA4DV" ignored="0" name="Test(failed)" tests="1" failures="1" timestamp="25 Jan 2019 10:07:43 GMT" time="0.059" errors="0">
  <testcase name="run" time="0.029" classname="testng.Demo1">
    <failure type="java.lang.AssertionError" message="expected [false] but found [true]">
      <![CDATA[java.lang.AssertionError: expected [false] but found [true]
at testng.Demo1.run(Demo1.java:15)
... Removed 29 stack frames]]>
    </failure>
  </testcase> <!-- run -->
</testsuite> <!-- Test(failed) -->
